<?xml version="1.0" encoding="UTF-8"?>
<testng-results ignored="0" total="1" passed="1" failed="0" skipped="0">
  <reporter-output>
  </reporter-output>
  <suite started-at="2024-03-03T17:00:04 IST" name="Warriors" finished-at="2024-03-03T17:00:16 IST" duration-ms="12145">
    <groups>
      <group name="cucumber">
        <method signature="AbstractTestNGCucumberTests.runScenario(io.cucumber.testng.PickleWrapper,io.cucumber.testng.FeatureWrapper)[pri:0, instance:com.veeva.nba.runner.runner@158d2680]" name="runScenario" class="io.cucumber.testng.AbstractTestNGCucumberTests"/>
      </group> <!-- cucumber -->
    </groups>
    <test started-at="2024-03-03T17:00:04 IST" name="Validate Footer HyperLinks" finished-at="2024-03-03T17:00:16 IST" duration-ms="12145">
      <class name="com.veeva.nba.runner.runner">
        <test-method is-config="true" signature="setUpClass(org.testng.ITestContext)[pri:0, instance:com.veeva.nba.runner.runner@158d2680]" started-at="2024-03-03T17:00:04 IST" name="setUpClass" finished-at="2024-03-03T17:00:04 IST" duration-ms="162" status="PASS">
          <params>
            <param index="0">
              <value>
                <![CDATA[org.testng.TestRunner@1d8bd0de]]>
              </value>
            </param>
          </params>
          <reporter-output>
          </reporter-output>
        </test-method> <!-- setUpClass -->
        <test-method signature="runScenario(io.cucumber.testng.PickleWrapper,io.cucumber.testng.FeatureWrapper)[pri:0, instance:com.veeva.nba.runner.runner@158d2680]" started-at="2024-03-03T17:00:04 IST" name="runScenario" description="Runs Cucumber Scenarios" data-provider="scenarios" finished-at="2024-03-03T17:00:16 IST" duration-ms="11939" status="PASS">
          <params>
            <param index="0">
              <value>
                <![CDATA["Validate Footer Links"]]>
              </value>
            </param>
            <param index="1">
              <value>
                <![CDATA["Validate Links in Bulls Home Page"]]>
              </value>
            </param>
          </params>
          <reporter-output>
          </reporter-output>
        </test-method> <!-- runScenario -->
        <test-method is-config="true" signature="tearDownClass()[pri:0, instance:com.veeva.nba.runner.runner@158d2680]" started-at="2024-03-03T17:00:16 IST" name="tearDownClass" finished-at="2024-03-03T17:00:16 IST" duration-ms="4" status="PASS">
          <reporter-output>
          </reporter-output>
        </test-method> <!-- tearDownClass -->
      </class> <!-- com.veeva.nba.runner.runner -->
    </test> <!-- Validate Footer HyperLinks -->
  </suite> <!-- Warriors -->
</testng-results>
